<?xml version="1.0" encoding="UTF-8"?>
<!-- Generated by org.testng.reporters.JUnitReportReporter -->
<testsuite hostname="DESKTOP-RK93FRN" failures="0" tests="1" name="Testclass.TC04_VerifyAllProductAddToCartFunctionality" time="6.403" errors="0" timestamp="2023-03-06T22:55:39 IST" skipped="0">
  <testcase classname="Testclass.TC04_VerifyAllProductAddToCartFunctionality" name="verifyallproductaddtocart" time="6.403"/>
  <system-out/>
</testsuite> <!-- Testclass.TC04_VerifyAllProductAddToCartFunctionality -->
