<?xml version="1.0" encoding="UTF-8"?>
<!-- Generated by org.testng.reporters.JUnitReportReporter -->
<testsuite hostname="DESKTOP-RK93FRN" failures="0" tests="1" name="Testclass.TC03VerifyAddToCartproduct" time="4.137" errors="0" timestamp="2023-03-06T22:55:39 IST" skipped="0">
  <testcase classname="Testclass.TC03VerifyAddToCartproduct" name="AddToCart" time="4.137"/>
  <system-out/>
</testsuite> <!-- Testclass.TC03VerifyAddToCartproduct -->
