<?xml version="1.0" encoding="UTF-8"?>
<!-- Generated by org.testng.reporters.JUnitReportReporter -->
<testsuite hostname="DESKTOP-RK93FRN" failures="0" tests="1" name="Testclass.TC02_VerifyLogoutFunctionality" time="4.113" errors="0" timestamp="2023-03-06T22:55:39 IST" skipped="0">
  <testcase classname="Testclass.TC02_VerifyLogoutFunctionality" name="verifyLogOut" time="4.113"/>
  <system-out/>
</testsuite> <!-- Testclass.TC02_VerifyLogoutFunctionality -->
