<?xml version="1.0" encoding="UTF-8"?>
<!-- Generated by org.testng.reporters.JUnitReportReporter -->
<testsuite hostname="DESKTOP-RK93FRN" failures="0" tests="1" name="Testclass.TCO3VerifyBagproduct" time="5.137" errors="0" timestamp="2023-03-06T22:01:22 IST" skipped="0">
  <testcase classname="Testclass.TCO3VerifyBagproduct" name="AddToCart" time="5.137"/>
  <system-out/>
</testsuite> <!-- Testclass.TCO3VerifyBagproduct -->
